This is pdfTeX, Version 3.14159265-2.6-1.40.17 (TeX Live 2016/W32TeX) (preloaded format=pdflatex 2016.12.30)  4 SEP 2017 21:54
entering extended mode
 restricted \write18 enabled.
 %&-line parsing enabled.
**./bare_conf.tex
(./bare_conf.tex
LaTeX2e <2016/03/31> patch level 3
Babel <3.9r> and hyphenation patterns for 83 language(s) loaded.
(./IEEEtran.cls
Document Class: IEEEtran 2007/03/05 V1.7a by Michael Shell
-- See the "IEEEtran_HOWTO" manual for usage information.
-- http://www.michaelshell.org/tex/ieeetran/
\@IEEEtrantmpdimenA=\dimen102
\@IEEEtrantmpdimenB=\dimen103
\@IEEEtrantmpcountA=\count79
\@IEEEtrantmpcountB=\count80
\@IEEEtrantmptoksA=\toks14
LaTeX Font Info:    Try loading font information for OT1+ptm on input line 366.

(f:/TexLive/texmf-dist/tex/latex/psnfss/ot1ptm.fd
File: ot1ptm.fd 2001/06/04 font definitions for OT1/ptm.
)
-- Using 8.5in x 11in (letter) paper.
-- Using PDF output.
\@IEEEnormalsizeunitybaselineskip=\dimen104
-- This is a 10 point document.
\CLASSINFOnormalsizebaselineskip=\dimen105
\CLASSINFOnormalsizeunitybaselineskip=\dimen106
\IEEEnormaljot=\dimen107
LaTeX Font Info:    Font shape `OT1/ptm/bx/n' in size <5> not available
(Font)              Font shape `OT1/ptm/b/n' tried instead on input line 724.
LaTeX Font Info:    Font shape `OT1/ptm/bx/it' in size <5> not available
(Font)              Font shape `OT1/ptm/b/it' tried instead on input line 724.
LaTeX Font Info:    Font shape `OT1/ptm/bx/n' in size <7> not available
(Font)              Font shape `OT1/ptm/b/n' tried instead on input line 724.
LaTeX Font Info:    Font shape `OT1/ptm/bx/it' in size <7> not available
(Font)              Font shape `OT1/ptm/b/it' tried instead on input line 724.
LaTeX Font Info:    Font shape `OT1/ptm/bx/n' in size <8> not available
(Font)              Font shape `OT1/ptm/b/n' tried instead on input line 724.
LaTeX Font Info:    Font shape `OT1/ptm/bx/it' in size <8> not available
(Font)              Font shape `OT1/ptm/b/it' tried instead on input line 724.
LaTeX Font Info:    Font shape `OT1/ptm/bx/n' in size <9> not available
(Font)              Font shape `OT1/ptm/b/n' tried instead on input line 724.
LaTeX Font Info:    Font shape `OT1/ptm/bx/it' in size <9> not available
(Font)              Font shape `OT1/ptm/b/it' tried instead on input line 724.
LaTeX Font Info:    Font shape `OT1/ptm/bx/n' in size <10> not available
(Font)              Font shape `OT1/ptm/b/n' tried instead on input line 724.
LaTeX Font Info:    Font shape `OT1/ptm/bx/it' in size <10> not available
(Font)              Font shape `OT1/ptm/b/it' tried instead on input line 724.
LaTeX Font Info:    Font shape `OT1/ptm/bx/n' in size <11> not available
(Font)              Font shape `OT1/ptm/b/n' tried instead on input line 724.
LaTeX Font Info:    Font shape `OT1/ptm/bx/it' in size <11> not available
(Font)              Font shape `OT1/ptm/b/it' tried instead on input line 724.
LaTeX Font Info:    Font shape `OT1/ptm/bx/n' in size <12> not available
(Font)              Font shape `OT1/ptm/b/n' tried instead on input line 724.
LaTeX Font Info:    Font shape `OT1/ptm/bx/it' in size <12> not available
(Font)              Font shape `OT1/ptm/b/it' tried instead on input line 724.
LaTeX Font Info:    Font shape `OT1/ptm/bx/n' in size <17> not available
(Font)              Font shape `OT1/ptm/b/n' tried instead on input line 724.
LaTeX Font Info:    Font shape `OT1/ptm/bx/it' in size <17> not available
(Font)              Font shape `OT1/ptm/b/it' tried instead on input line 724.
LaTeX Font Info:    Font shape `OT1/ptm/bx/n' in size <20> not available
(Font)              Font shape `OT1/ptm/b/n' tried instead on input line 724.
LaTeX Font Info:    Font shape `OT1/ptm/bx/it' in size <20> not available
(Font)              Font shape `OT1/ptm/b/it' tried instead on input line 724.
LaTeX Font Info:    Font shape `OT1/ptm/bx/n' in size <24> not available
(Font)              Font shape `OT1/ptm/b/n' tried instead on input line 724.
LaTeX Font Info:    Font shape `OT1/ptm/bx/it' in size <24> not available
(Font)              Font shape `OT1/ptm/b/it' tried instead on input line 724.
\IEEEilabelindentA=\dimen108
\IEEEilabelindentB=\dimen109
\IEEEilabelindent=\dimen110
\IEEEelabelindent=\dimen111
\IEEEdlabelindent=\dimen112
\IEEElabelindent=\dimen113
\IEEEiednormlabelsep=\dimen114
\IEEEiedmathlabelsep=\dimen115
\IEEEiedtopsep=\skip41
\c@section=\count81
\c@subsection=\count82
\c@subsubsection=\count83
\c@paragraph=\count84
\c@IEEEsubequation=\count85
\abovecaptionskip=\skip42
\belowcaptionskip=\skip43
\c@figure=\count86
\c@table=\count87
\@IEEEeqnnumcols=\count88
\@IEEEeqncolcnt=\count89
\@IEEEtmpitemindent=\dimen116
\c@IEEEbiography=\count90
\@IEEEtranrubishbin=\box26
) (f:/TexLive/texmf-dist/tex/latex/cite/cite.sty
LaTeX Info: Redefining \cite on input line 302.
LaTeX Info: Redefining \nocite on input line 332.
Package: cite 2015/02/27  v 5.5
)
(f:/TexLive/texmf-dist/tex/latex/graphics/graphicx.sty
Package: graphicx 2014/10/28 v1.0g Enhanced LaTeX Graphics (DPC,SPQR)

(f:/TexLive/texmf-dist/tex/latex/graphics/keyval.sty
Package: keyval 2014/10/28 v1.15 key=value parser (DPC)
\KV@toks@=\toks15
)
(f:/TexLive/texmf-dist/tex/latex/graphics/graphics.sty
Package: graphics 2016/07/10 v1.0t Standard LaTeX Graphics (DPC,SPQR)

(f:/TexLive/texmf-dist/tex/latex/graphics/trig.sty
Package: trig 2016/01/03 v1.10 sin cos tan (DPC)
)
(f:/TexLive/texmf-dist/tex/latex/graphics-cfg/graphics.cfg
File: graphics.cfg 2016/06/04 v1.11 sample graphics configuration
)
Package graphics Info: Driver file: pdftex.def on input line 99.

(f:/TexLive/texmf-dist/tex/latex/graphics-def/pdftex.def
File: pdftex.def 2016/07/10 v0.06j Graphics/color for pdfTeX

(f:/TexLive/texmf-dist/tex/generic/oberdiek/infwarerr.sty
Package: infwarerr 2016/05/16 v1.4 Providing info/warning/error messages (HO)
)
(f:/TexLive/texmf-dist/tex/generic/oberdiek/ltxcmds.sty
Package: ltxcmds 2016/05/16 v1.23 LaTeX kernel commands for general use (HO)
)
\Gread@gobject=\count91
))
\Gin@req@height=\dimen117
\Gin@req@width=\dimen118
)
(f:/TexLive/texmf-dist/tex/latex/amsmath/amsmath.sty
Package: amsmath 2016/06/28 v2.15d AMS math features
\@mathmargin=\skip44

For additional information on amsmath, use the `?' option.
(f:/TexLive/texmf-dist/tex/latex/amsmath/amstext.sty
Package: amstext 2000/06/29 v2.01 AMS text

(f:/TexLive/texmf-dist/tex/latex/amsmath/amsgen.sty
File: amsgen.sty 1999/11/30 v2.0 generic functions
\@emptytoks=\toks16
\ex@=\dimen119
))
(f:/TexLive/texmf-dist/tex/latex/amsmath/amsbsy.sty
Package: amsbsy 1999/11/29 v1.2d Bold Symbols
\pmbraise@=\dimen120
)
(f:/TexLive/texmf-dist/tex/latex/amsmath/amsopn.sty
Package: amsopn 2016/03/08 v2.02 operator names
)
\inf@bad=\count92
LaTeX Info: Redefining \frac on input line 199.
\uproot@=\count93
\leftroot@=\count94
LaTeX Info: Redefining \overline on input line 297.
\classnum@=\count95
\DOTSCASE@=\count96
LaTeX Info: Redefining \ldots on input line 394.
LaTeX Info: Redefining \dots on input line 397.
LaTeX Info: Redefining \cdots on input line 518.
\Mathstrutbox@=\box27
\strutbox@=\box28
\big@size=\dimen121
LaTeX Font Info:    Redeclaring font encoding OML on input line 634.
LaTeX Font Info:    Redeclaring font encoding OMS on input line 635.
\macc@depth=\count97
\c@MaxMatrixCols=\count98
\dotsspace@=\muskip10
\c@parentequation=\count99
\dspbrk@lvl=\count100
\tag@help=\toks17
\row@=\count101
\column@=\count102
\maxfields@=\count103
\andhelp@=\toks18
\eqnshift@=\dimen122
\alignsep@=\dimen123
\tagshift@=\dimen124
\tagwidth@=\dimen125
\totwidth@=\dimen126
\lineht@=\dimen127
\@envbody=\toks19
\multlinegap=\skip45
\multlinetaggap=\skip46
\mathdisplay@stack=\toks20
LaTeX Info: Redefining \[ on input line 2739.
LaTeX Info: Redefining \] on input line 2740.
)
(f:/TexLive/texmf-dist/tex/latex/amsfonts/amssymb.sty
Package: amssymb 2013/01/14 v3.01 AMS font symbols

(f:/TexLive/texmf-dist/tex/latex/amsfonts/amsfonts.sty
Package: amsfonts 2013/01/14 v3.01 Basic AMSFonts support
\symAMSa=\mathgroup4
\symAMSb=\mathgroup5
LaTeX Font Info:    Overwriting math alphabet `\mathfrak' in version `bold'
(Font)                  U/euf/m/n --> U/euf/b/n on input line 106.
))
(f:/TexLive/texmf-dist/tex/latex/algorithms/algorithm.sty
Package: algorithm 2009/08/24 v0.1 Document Style `algorithm' - floating enviro
nment

(f:/TexLive/texmf-dist/tex/latex/float/float.sty
Package: float 2001/11/08 v1.3d Float enhancements (AL)
\c@float@type=\count104
\float@exts=\toks21
\float@box=\box29
\@float@everytoks=\toks22
\@floatcapt=\box30
)
(f:/TexLive/texmf-dist/tex/latex/base/ifthen.sty
Package: ifthen 2014/09/29 v1.1c Standard LaTeX ifthen package (DPC)
)
\@float@every@algorithm=\toks23
\c@algorithm=\count105
)
(f:/TexLive/texmf-dist/tex/latex/algorithms/algorithmic.sty
Package: algorithmic 2009/08/24 v0.1 Document Style `algorithmic'
\c@ALC@unique=\count106
\c@ALC@line=\count107
\c@ALC@rem=\count108
\c@ALC@depth=\count109
\ALC@tlm=\skip47
\algorithmicindent=\skip48
)
(f:/TexLive/texmf-dist/tex/latex/tools/array.sty
Package: array 2014/10/28 v2.4c Tabular extension package (FMi)
\col@sep=\dimen128
\extrarowheight=\dimen129
\NC@list=\toks24
\extratabsurround=\skip49
\backup@length=\skip50
)
(f:/TexLive/texmf-dist/tex/latex/mdwtools/mdwmath.sty
Package: mdwmath 1996/04/11 1.1 Nice mathematical things
\sq@sqrt=\count110
LaTeX Info: Redefining \sqrt on input line 84.
)
(f:/TexLive/texmf-dist/tex/latex/mdwtools/mdwtab.sty
Package: mdwtab 1998/04/28 1.9 Table typesetting with style
\tab@state=\count111
\tab@columns=\count112
\tab@preamble=\toks25
\tab@shortline=\toks26
\extrarowheight=\dimen130
\tabextrasep=\dimen131
\arrayextrasep=\dimen132
\smarraycolsep=\dimen133
\smarrayextrasep=\dimen134
\tab@width=\dimen135
\col@sep=\dimen136
\tab@endheight=\dimen137
\tab@leftskip=\skip51
\tab@rightskip=\skip52
\fn@notes=\box31
\fn@width=\dimen138
)
(f:/TexLive/texmf-dist/tex/latex/eqparbox/eqparbox.sty
Package: eqparbox 2013/03/15 v4.0 Create equal-widthed boxes
\eqp@tempdima=\skip53
\eqp@tempdimb=\skip54
\eqp@tabular@box=\box32
\eqp@list@box=\box33
\eqp@list@indent=\skip55

(f:/TexLive/texmf-dist/tex/latex/environ/environ.sty
Package: environ 2014/05/04 v0.3 A new way to define environments

(f:/TexLive/texmf-dist/tex/latex/trimspaces/trimspaces.sty
Package: trimspaces 2009/09/17 v1.1 Trim spaces around a token list
)))
(f:/TexLive/texmf-dist/tex/latex/subfigure/subfigure.sty
Package: subfigure 2002/03/15 v2.1.5 subfigure package
\subfigtopskip=\skip56
\subfigcapskip=\skip57
\subfigcaptopadj=\dimen139
\subfigbottomskip=\skip58
\subfigcapmargin=\dimen140
\subfiglabelskip=\skip59
\c@subfigure=\count113
\c@lofdepth=\count114
\c@subtable=\count115
\c@lotdepth=\count116

****************************************
* Local config file subfigure.cfg used *
****************************************
(f:/TexLive/texmf-dist/tex/latex/subfigure/subfigure.cfg)
\subfig@top=\skip60
\subfig@bottom=\skip61
) (./bare_conf.aux)
\openout1 = `bare_conf.aux'.

LaTeX Font Info:    Checking defaults for OML/cmm/m/it on input line 355.
LaTeX Font Info:    ... okay on input line 355.
LaTeX Font Info:    Checking defaults for T1/cmr/m/n on input line 355.
LaTeX Font Info:    ... okay on input line 355.
LaTeX Font Info:    Checking defaults for OT1/cmr/m/n on input line 355.
LaTeX Font Info:    ... okay on input line 355.
LaTeX Font Info:    Checking defaults for OMS/cmsy/m/n on input line 355.
LaTeX Font Info:    ... okay on input line 355.
LaTeX Font Info:    Checking defaults for OMX/cmex/m/n on input line 355.
LaTeX Font Info:    ... okay on input line 355.
LaTeX Font Info:    Checking defaults for U/cmr/m/n on input line 355.
LaTeX Font Info:    ... okay on input line 355.

(f:/TexLive/texmf-dist/tex/context/base/mkii/supp-pdf.mkii
[Loading MPS to PDF converter (version 2006.09.02).]
\scratchcounter=\count117
\scratchdimen=\dimen141
\scratchbox=\box34
\nofMPsegments=\count118
\nofMParguments=\count119
\everyMPshowfont=\toks27
\MPscratchCnt=\count120
\MPscratchDim=\dimen142
\MPnumerator=\count121
\makeMPintoPDFobject=\count122
\everyMPtoPDFconversion=\toks28
) (f:/TexLive/texmf-dist/tex/generic/oberdiek/pdftexcmds.sty
Package: pdftexcmds 2016/05/21 v0.22 Utility functions of pdfTeX for LuaTeX (HO
)

(f:/TexLive/texmf-dist/tex/generic/oberdiek/ifluatex.sty
Package: ifluatex 2016/05/16 v1.4 Provides the ifluatex switch (HO)
Package ifluatex Info: LuaTeX not detected.
)
(f:/TexLive/texmf-dist/tex/generic/oberdiek/ifpdf.sty
Package: ifpdf 2016/05/14 v3.1 Provides the ifpdf switch
)
Package pdftexcmds Info: LuaTeX not detected.
Package pdftexcmds Info: \pdf@primitive is available.
Package pdftexcmds Info: \pdf@ifprimitive is available.
Package pdftexcmds Info: \pdfdraftmode found.
)
(f:/TexLive/texmf-dist/tex/latex/oberdiek/epstopdf-base.sty
Package: epstopdf-base 2016/05/15 v2.6 Base part for package epstopdf

(f:/TexLive/texmf-dist/tex/latex/oberdiek/grfext.sty
Package: grfext 2016/05/16 v1.2 Manage graphics extensions (HO)

(f:/TexLive/texmf-dist/tex/generic/oberdiek/kvdefinekeys.sty
Package: kvdefinekeys 2016/05/16 v1.4 Define keys (HO)
))
(f:/TexLive/texmf-dist/tex/latex/oberdiek/kvoptions.sty
Package: kvoptions 2016/05/16 v3.12 Key value format for package options (HO)

(f:/TexLive/texmf-dist/tex/generic/oberdiek/kvsetkeys.sty
Package: kvsetkeys 2016/05/16 v1.17 Key value parser (HO)

(f:/TexLive/texmf-dist/tex/generic/oberdiek/etexcmds.sty
Package: etexcmds 2016/05/16 v1.6 Avoid name clashes with e-TeX commands (HO)
Package etexcmds Info: Could not find \expanded.
(etexcmds)             That can mean that you are not using pdfTeX 1.50 or
(etexcmds)             that some package has redefined \expanded.
(etexcmds)             In the latter case, load this package earlier.
)))
Package epstopdf-base Info: Redefining graphics rule for `.eps' on input line 4
38.
Package grfext Info: Graphics extension search list:
(grfext)             [.pdf,.jpeg,.png,.eps]
(grfext)             \AppendGraphicsExtensions on input line 456.

(f:/TexLive/texmf-dist/tex/latex/latexconfig/epstopdf-sys.cfg
File: epstopdf-sys.cfg 2010/07/13 v1.3 Configuration of (r)epstopdf for TeX Liv
e
)) [1{f:/TexLive/texmf-var/fonts/map/pdftex/updmap/pdftex.map}


]
LaTeX Font Info:    Try loading font information for U+msa on input line 500.

(f:/TexLive/texmf-dist/tex/latex/amsfonts/umsa.fd
File: umsa.fd 2013/01/14 v3.01 AMS symbols A
)
LaTeX Font Info:    Try loading font information for U+msb on input line 500.

(f:/TexLive/texmf-dist/tex/latex/amsfonts/umsb.fd
File: umsb.fd 2013/01/14 v3.01 AMS symbols B
) [2]
\c@define=\count123

Underfull \hbox (badness 10000) in paragraph at lines 544--545
[]\OT1/ptm/m/n/10 A sam-ple point
 []


Underfull \hbox (badness 6542) in paragraph at lines 566--567
[]\OT1/ptm/m/n/10 Given two tra-jec-to-ries
 []

[3] <pdf/architecture1.pdf, id=24, 1701.7487pt x 725.7705pt>
File: pdf/architecture1.pdf Graphic file (type pdf)

<use pdf/architecture1.pdf>
Package pdftex.def Info: pdf/architecture1.pdf used on input line 594.
(pdftex.def)             Requested size: 455.24408pt x 194.15553pt.
 <pdf/Histo.pdf, id=25, 730.71707pt x 186.12637pt>
File: pdf/Histo.pdf Graphic file (type pdf)

<use pdf/Histo.pdf>
Package pdftex.def Info: pdf/Histo.pdf used on input line 629.
(pdftex.def)             Requested size: 247.53888pt x 63.05208pt.
 [4]

pdfTeX warning: pdflatex.exe (file ./pdf/GTTree1.pdf): PDF inclusion: found PDF
 version <1.6>, but at most version <1.5> allowed
<pdf/GTTree1.pdf, id=29, 178.54333pt x 179.92117pt>
File: pdf/GTTree1.pdf Graphic file (type pdf)
 <use pdf/GTTree1.pdf>
Package pdftex.def Info: pdf/GTTree1.pdf used on input line 649.
(pdftex.def)             Requested size: 65.04256pt x 65.54576pt.


pdfTeX warning: pdflatex.exe (file ./pdf/GTTree2.pdf): PDF inclusion: found PDF
 version <1.6>, but at most version <1.5> allowed
<pdf/GTTree2.pdf, id=30, 177.16388pt x 177.16489pt>
File: pdf/GTTree2.pdf Graphic file (type pdf)
 <use pdf/GTTree2.pdf>
Package pdftex.def Info: pdf/GTTree2.pdf used on input line 654.
(pdftex.def)             Requested size: 65.04256pt x 65.04445pt.


pdfTeX warning: pdflatex.exe (file ./pdf/GTTree3.pdf): PDF inclusion: found PDF
 version <1.6>, but at most version <1.5> allowed
<pdf/GTTree3.pdf, id=31, 176.47531pt x 178.54305pt>
File: pdf/GTTree3.pdf Graphic file (type pdf)
 <use pdf/GTTree3.pdf>
Package pdftex.def Info: pdf/GTTree3.pdf used on input line 659.
(pdftex.def)             Requested size: 65.04256pt x 65.80652pt.

[5 <./pdf/architecture1.pdf> <./pdf/Histo.pdf

pdfTeX warning: pdflatex.exe (file ./pdf/Histo.pdf): PDF inclusion: multiple pd
fs with page group included in a single page
> <./pdf/GTTree1.pdf

pdfTeX warning: pdflatex.exe (file ./pdf/GTTree1.pdf): PDF inclusion: multiple 
pdfs with page group included in a single page
> <./pdf/GTTree2.pdf

pdfTeX warning: pdflatex.exe (file ./pdf/GTTree2.pdf): PDF inclusion: multiple 
pdfs with page group included in a single page
> <./pdf/GTTree3.pdf

pdfTeX warning: pdflatex.exe (file ./pdf/GTTree3.pdf): PDF inclusion: multiple 
pdfs with page group included in a single page
>]
Underfull \hbox (badness 2809) in paragraph at lines 674--675
[]\OT1/ptm/m/n/10 After that, we split the in-put tra-jec-to-ries into sub-
 []

[6] <pdf/VirtualGrid.pdf, id=81, 366.61969pt x 387.69844pt>
File: pdf/VirtualGrid.pdf Graphic file (type pdf)

<use pdf/VirtualGrid.pdf>
Package pdftex.def Info: pdf/VirtualGrid.pdf used on input line 733.
(pdftex.def)             Requested size: 199.16928pt x 210.62001pt.
 [7 <./pdf/VirtualGrid.pdf>]
Missing character: There is no ã in font ptmr7t!
Missing character: There is no € in font ptmr7t!
Missing character: There is no € in font ptmr7t!

<pdf/DPstate.pdf, id=101, 480.8635pt x 391.17664pt>
File: pdf/DPstate.pdf Graphic file (type pdf)
 <use pdf/DPstate.pdf>
Package pdftex.def Info: pdf/DPstate.pdf used on input line 790.
(pdftex.def)             Requested size: 199.16928pt x 162.01892pt.
Missing character: There is no ã in font ptmr7t!
Missing character: There is no € in font ptmr7t!
Missing character: There is no € in font ptmr7t!

Underfull \hbox (badness 2221) in paragraph at lines 812--813
[]\OT1/ptm/m/n/10 all EDR dis-tance be-tween tra-jec-to-ries in two sets:
 []

[8 <./pdf/DPstate.pdf, page is rotated 90 degrees>]
Overfull \hbox (0.9026pt too wide) in paragraph at lines 876--895
 [][] 
 []

[9]
Missing character: There is no ï in font ptmr7t!
Missing character: There is no ¼ in font ptmr7t!
Missing character: There is no š in font ptmr7t!
 (./bare_conf.bbl [10])

** Conference Paper **
Before submitting the final camera ready copy, remember to:

 1. Manually equalize the lengths of two columns on the last page
 of your paper;

 2. Ensure that any PostScript and/or PDF output post-processing
 uses only Type 1 fonts and that every step in the generation
 process uses the appropriate paper size.

[11

] (./bare_conf.aux) ) 
Here is how much of TeX's memory you used:
 4080 strings out of 493013
 57207 string characters out of 6139287
 134815 words of memory out of 5000000
 7527 multiletter control sequences out of 15000+600000
 42880 words of font info for 87 fonts, out of 8000000 for 9000
 1144 hyphenation exceptions out of 8191
 40i,14n,26p,1718b,593s stack positions out of 5000i,500n,10000p,200000b,80000s
{f:/TexLive/texmf-dist/fonts/enc/dvips/base/8r.enc}<f:/Tex
Live/texmf-dist/fonts/type1/public/amsfonts/cm/cmex10.pfb><f:/TexLive/texmf-dis
t/fonts/type1/public/amsfonts/cm/cmmi10.pfb><f:/TexLive/texmf-dist/fonts/type1/
public/amsfonts/cm/cmmi6.pfb><f:/TexLive/texmf-dist/fonts/type1/public/amsfonts
/cm/cmmi7.pfb><f:/TexLive/texmf-dist/fonts/type1/public/amsfonts/cm/cmmi8.pfb><
f:/TexLive/texmf-dist/fonts/type1/public/amsfonts/cm/cmr10.pfb><f:/TexLive/texm
f-dist/fonts/type1/public/amsfonts/cm/cmr7.pfb><f:/TexLive/texmf-dist/fonts/typ
e1/public/amsfonts/cm/cmsy10.pfb><f:/TexLive/texmf-dist/fonts/type1/public/amsf
onts/cm/cmsy7.pfb><f:/TexLive/texmf-dist/fonts/type1/public/amsfonts/symbols/ms
am10.pfb><f:/TexLive/texmf-dist/fonts/type1/urw/times/utmb8a.pfb><f:/TexLive/te
xmf-dist/fonts/type1/urw/times/utmbi8a.pfb><f:/TexLive/texmf-dist/fonts/type1/u
rw/times/utmr8a.pfb><f:/TexLive/texmf-dist/fonts/type1/urw/times/utmri8a.pfb>
Output written on bare_conf.pdf (11 pages, 364732 bytes).
PDF statistics:
 173 PDF objects out of 1000 (max. 8388607)
 128 compressed objects within 2 object streams
 0 named destinations out of 1000 (max. 500000)
 36 words of extra memory for PDF output out of 10000 (max. 10000000)

